-------------------------------------------------------------------------------
Test set: com.javaet.productservice.ProductServiceApplicationTests
-------------------------------------------------------------------------------
Tests run: 1, Failures: 0, Errors: 1, Skipped: 0, Time elapsed: 17.982 s <<< FAILURE! - in com.javaet.productservice.ProductServiceApplicationTests
shouldCreateProduct  Time elapsed: 0.04 s  <<< ERROR!
java.lang.IllegalStateException: Failed to load ApplicationContext
Caused by: org.springframework.beans.factory.UnsatisfiedDependencyException: Error creating bean with name 'productController' defined in file [C:\Users\MONSTER\IdeaProjects\microservices-new\product-service\target\classes\com\javaet\productservice\controller\ProductController.class]: Unsatisfied dependency expressed through constructor parameter 0; nested exception is org.springframework.beans.factory.UnsatisfiedDependencyException: Error creating bean with name 'productService' defined in file [C:\Users\MONSTER\IdeaProjects\microservices-new\product-service\target\classes\com\javaet\productservice\service\ProductService.class]: Unsatisfied dependency expressed through constructor parameter 0; nested exception is org.springframework.beans.factory.BeanCreationException: Error creating bean with name 'productRepository' defined in com.javaet.productservice.repository.ProductRepository defined in @EnableMongoRepositories declared on ProductServiceApplication: Invocation of init method failed; nested exception is org.springframework.data.repository.query.QueryCreationException: Could not create query for public abstract void com.javaet.productservice.repository.ProductRepository.saveAll(java.util.List)! Reason: No property 'saveAll' found for type 'Product'!; nested exception is org.springframework.data.mapping.PropertyReferenceException: No property 'saveAll' found for type 'Product'!
Caused by: org.springframework.beans.factory.UnsatisfiedDependencyException: Error creating bean with name 'productService' defined in file [C:\Users\MONSTER\IdeaProjects\microservices-new\product-service\target\classes\com\javaet\productservice\service\ProductService.class]: Unsatisfied dependency expressed through constructor parameter 0; nested exception is org.springframework.beans.factory.BeanCreationException: Error creating bean with name 'productRepository' defined in com.javaet.productservice.repository.ProductRepository defined in @EnableMongoRepositories declared on ProductServiceApplication: Invocation of init method failed; nested exception is org.springframework.data.repository.query.QueryCreationException: Could not create query for public abstract void com.javaet.productservice.repository.ProductRepository.saveAll(java.util.List)! Reason: No property 'saveAll' found for type 'Product'!; nested exception is org.springframework.data.mapping.PropertyReferenceException: No property 'saveAll' found for type 'Product'!
Caused by: org.springframework.beans.factory.BeanCreationException: Error creating bean with name 'productRepository' defined in com.javaet.productservice.repository.ProductRepository defined in @EnableMongoRepositories declared on ProductServiceApplication: Invocation of init method failed; nested exception is org.springframework.data.repository.query.QueryCreationException: Could not create query for public abstract void com.javaet.productservice.repository.ProductRepository.saveAll(java.util.List)! Reason: No property 'saveAll' found for type 'Product'!; nested exception is org.springframework.data.mapping.PropertyReferenceException: No property 'saveAll' found for type 'Product'!
Caused by: org.springframework.data.repository.query.QueryCreationException: Could not create query for public abstract void com.javaet.productservice.repository.ProductRepository.saveAll(java.util.List)! Reason: No property 'saveAll' found for type 'Product'!; nested exception is org.springframework.data.mapping.PropertyReferenceException: No property 'saveAll' found for type 'Product'!
Caused by: org.springframework.data.mapping.PropertyReferenceException: No property 'saveAll' found for type 'Product'!

